<?xml version="1.0" encoding="UTF-8"?>
<!-- Generated by org.testng.reporters.JUnitReportReporter -->
<testsuite hostname="DESKTOP-U80E17V" failures="0" tests="1" name="com.bootcamp_part1_difficult_submission.LoginTest" time="5.580" errors="0" timestamp="06 Jan 2024 15:49:17 GMT" skipped="0">
  <testcase classname="com.bootcamp_part1_difficult_submission.LoginTest" name="verifyLoginWithValidCredentials" time="5.580"/>
</testsuite> <!-- com.bootcamp_part1_difficult_submission.LoginTest -->
