<?xml version="1.0" encoding="UTF-8"?>
<!-- Generated by org.testng.reporters.JUnitReportReporter -->
<testsuite hostname="DESKTOP-U80E17V" failures="0" tests="1" name="com.bootcamp_part1_difficult_submission.ShoppingCartPageTest" time="5.316" errors="0" timestamp="06 Jan 2024 21:30:29 GMT" skipped="0">
  <testcase classname="com.bootcamp_part1_difficult_submission.ShoppingCartPageTest" name="addProductToCart" time="5.316"/>
</testsuite> <!-- com.bootcamp_part1_difficult_submission.ShoppingCartPageTest -->
